<?xml version="1.0" encoding="UTF-8"?>
<testng-results ignored="0" total="2" passed="2" failed="0" skipped="0">
  <reporter-output>
  </reporter-output>
  <suite started-at="2021-05-27T14:54:20 CDT" name="Default suite" finished-at="2021-05-27T14:54:53 CDT" duration-ms="33787">
    <groups>
    </groups>
    <test started-at="2021-05-27T14:54:20 CDT" name="Default test" finished-at="2021-05-27T14:54:53 CDT" duration-ms="33787">
      <class name="com.maxBi.LogInTest">
        <test-method is-config="true" signature="setUp()[pri:0, instance:com.maxBi.LogInTest@609db43b]" started-at="2021-05-27T14:54:20 CDT" name="setUp" finished-at="2021-05-27T14:54:38 CDT" duration-ms="17849" status="PASS">
          <reporter-output>
          </reporter-output>
        </test-method> <!-- setUp -->
        <test-method signature="verifyLogInTest()[pri:0, instance:com.maxBi.LogInTest@609db43b]" started-at="2021-05-27T14:54:38 CDT" name="verifyLogInTest" finished-at="2021-05-27T14:54:38 CDT" duration-ms="340" status="PASS">
          <reporter-output>
          </reporter-output>
        </test-method> <!-- verifyLogInTest -->
        <test-method is-config="true" signature="tearDown()[pri:0, instance:com.maxBi.LogInTest@609db43b]" started-at="2021-05-27T14:54:38 CDT" name="tearDown" finished-at="2021-05-27T14:54:39 CDT" duration-ms="662" status="PASS">
          <reporter-output>
          </reporter-output>
        </test-method> <!-- tearDown -->
        <test-method is-config="true" signature="setUp()[pri:0, instance:com.maxBi.LogInTest@609db43b]" started-at="2021-05-27T14:54:39 CDT" name="setUp" finished-at="2021-05-27T14:54:53 CDT" duration-ms="14240" status="PASS">
          <reporter-output>
          </reporter-output>
        </test-method> <!-- setUp -->
        <test-method signature="verifyPageTitleTest()[pri:0, instance:com.maxBi.LogInTest@609db43b]" started-at="2021-05-27T14:54:53 CDT" name="verifyPageTitleTest" finished-at="2021-05-27T14:54:53 CDT" duration-ms="7" status="PASS">
          <reporter-output>
          </reporter-output>
        </test-method> <!-- verifyPageTitleTest -->
        <test-method is-config="true" signature="tearDown()[pri:0, instance:com.maxBi.LogInTest@609db43b]" started-at="2021-05-27T14:54:53 CDT" name="tearDown" finished-at="2021-05-27T14:54:53 CDT" duration-ms="644" status="PASS">
          <reporter-output>
          </reporter-output>
        </test-method> <!-- tearDown -->
      </class> <!-- com.maxBi.LogInTest -->
    </test> <!-- Default test -->
  </suite> <!-- Default suite -->
</testng-results>
